<?xml version="1.0" encoding="UTF-8"?>
<!-- Generated by org.testng.reporters.JUnitReportReporter -->
<testsuite skipped="0" hostname="hitesh4124" name="com.nagp.testcases.AuditAPITest" tests="8" failures="0" timestamp="23 Sep 2019 10:02:49 GMT" time="5.389" errors="0">
  <testcase name="postAudit" time="1.669" classname="com.nagp.testcases.AuditAPITest"/>
  <testcase name="getIndividualAudit" time="0.539" classname="com.nagp.testcases.AuditAPITest"/>
  <testcase name="getAllAudit" time="0.566" classname="com.nagp.testcases.AuditAPITest"/>
  <testcase name="patchAudit" time="0.509" classname="com.nagp.testcases.AuditAPITest"/>
  <testcase name="deleteAudit" time="0.517" classname="com.nagp.testcases.AuditAPITest"/>
  <testcase name="putAudits" time="0.527" classname="com.nagp.testcases.AuditAPITest"/>
  <testcase name="getAllActiveAudits" time="0.526" classname="com.nagp.testcases.AuditAPITest"/>
  <testcase name="getAllInactiveAudits" time="0.536" classname="com.nagp.testcases.AuditAPITest"/>
</testsuite> <!-- com.nagp.testcases.AuditAPITest -->
