<?xml version="1.0" encoding="UTF-8"?>
<!-- Generated by org.testng.reporters.JUnitReportReporter -->
<testsuite skipped="0" hostname="bharat2799-02" name="com.nagp.testcases.WunderListsTest" tests="4" failures="0" timestamp="30 Oct 2020 18:17:28 GMT" time="12.880" errors="0">
  <testcase name="GetWunderListLists" time="4.379" classname="com.nagp.testcases.WunderListsTest"/>
  <testcase name="CreateItem" time="1.727" classname="com.nagp.testcases.WunderListsTest"/>
  <testcase name="patchEmployee" time="3.346" classname="com.nagp.testcases.WunderListsTest"/>
  <testcase name="deleteEmployee" time="3.428" classname="com.nagp.testcases.WunderListsTest"/>
</testsuite> <!-- com.nagp.testcases.WunderListsTest -->
