<?xml version="1.0" encoding="UTF-8"?>
<!-- Generated by org.testng.reporters.JUnitReportReporter -->
<testsuite skipped="0" hostname="hitesh4124" name="com.nagp.testcases.AuditProjectAPITest" tests="3" failures="0" timestamp="20 Sep 2019 10:43:00 GMT" time="1.673" errors="0">
  <testcase name="addAuditProject" time="0.541" classname="com.nagp.testcases.AuditProjectAPITest"/>
  <testcase name="getProjectIndividual" time="0.553" classname="com.nagp.testcases.AuditProjectAPITest"/>
  <testcase name="getAllProjectTypes" time="0.579" classname="com.nagp.testcases.AuditProjectAPITest"/>
</testsuite> <!-- com.nagp.testcases.AuditProjectAPITest -->
