<?xml version="1.0" encoding="UTF-8"?>
<!-- Generated by org.testng.reporters.JUnitReportReporter -->
<testsuite skipped="0" hostname="bharat2799-02" name="com.store.testcases.PetStoreTest" tests="4" failures="0" timestamp="02 Nov 2020 17:52:52 GMT" time="12.131" errors="0">
  <testcase name="getAllPetsList" time="3.495" classname="com.store.testcases.PetStoreTest"/>
  <testcase name="addNewPet" time="1.781" classname="com.store.testcases.PetStoreTest"/>
  <testcase name="updatePetStatus" time="3.447" classname="com.store.testcases.PetStoreTest"/>
  <testcase name="deletePetFromStore" time="3.408" classname="com.store.testcases.PetStoreTest"/>
</testsuite> <!-- com.store.testcases.PetStoreTest -->
