<?xml version="1.0" encoding="UTF-8"?>
<!-- Generated by org.testng.reporters.JUnitReportReporter -->
<testsuite skipped="0" hostname="bharat2799-02" name="com.nagp.testcases.PetStoreTest" tests="4" failures="0" timestamp="30 Oct 2020 18:28:40 GMT" time="12.946" errors="0">
  <testcase name="getAllPetsLists" time="4.431" classname="com.nagp.testcases.PetStoreTest"/>
  <testcase name="addNewPet" time="1.765" classname="com.nagp.testcases.PetStoreTest"/>
  <testcase name="patchEmployee" time="3.343" classname="com.nagp.testcases.PetStoreTest"/>
  <testcase name="deleteEmployee" time="3.407" classname="com.nagp.testcases.PetStoreTest"/>
</testsuite> <!-- com.nagp.testcases.PetStoreTest -->
