<?xml version="1.0" encoding="UTF-8"?>
<!-- Generated by org.testng.reporters.JUnitReportReporter -->
<testsuite skipped="0" hostname="bharat2799-02" name="com.store.testcases.PetStoreTest" tests="4" failures="0" timestamp="03 Nov 2020 15:17:01 GMT" time="12.702" errors="0">
  <testcase name="getAllPetsList" time="3.662" classname="com.store.testcases.PetStoreTest"/>
  <testcase name="addNewPet" time="1.591" classname="com.store.testcases.PetStoreTest"/>
  <testcase name="updatePetStatus" time="4.266" classname="com.store.testcases.PetStoreTest"/>
  <testcase name="deletePetFromStore" time="3.183" classname="com.store.testcases.PetStoreTest"/>
</testsuite> <!-- com.store.testcases.PetStoreTest -->
